# JRE version: OpenJDK Runtime Environment (17.0.7) (build 17.0.7+0-b2043.56-10550314)
# Java VM: OpenJDK 64-Bit Server VM (17.0.7+0-b2043.56-10550314, mixed mode, tiered, compressed oops, compressed class ptrs, g1 gc, windows-amd64)
GC Precious Log:
 CPUs: 8 total, 8 available
 Memory: 7967M
 Large Page Support: Disabled
 NUMA Support: Disabled
 Compressed Oops: Enabled (32-bit)
 Heap Region Size: 1M
 Heap Min Capacity: 8M
 Heap Initial Capacity: 126M
 Heap Max Capacity: 2G
 Pre-touch: Disabled
 Parallel Workers: 8
 Concurrent Workers: 2
 Concurrent Refinement Workers: 8
 Periodic GC: Disabled
Heap:
 garbage-first heap   total 68608K, used 37531K [0x0000000080000000, 0x0000000100000000)
  region size 1024K, 3 young (3072K), 3 survivors (3072K)
 Metaspace       used 41304K, committed 41728K, reserved 1114112K
  class space    used 5482K, committed 5696K, reserved 1048576K
GC Heap History (17 events):
Event: 0.762 GC heap before
{Heap before GC invocations=0 (full 0):
 garbage-first heap   total 129024K, used 26624K [0x0000000080000000, 0x0000000100000000)
  region size 1024K, 23 young (23552K), 0 survivors (0K)
 Metaspace       used 10430K, committed 10688K, reserved 1114112K
  class space    used 1086K, committed 1216K, reserved 1048576K
}
Event: 0.768 GC heap after
{Heap after GC invocations=1 (full 0):
 garbage-first heap   total 129024K, used 10419K [0x0000000080000000, 0x0000000100000000)
  region size 1024K, 3 young (3072K), 3 survivors (3072K)
 Metaspace       used 10430K, committed 10688K, reserved 1114112K
  class space    used 1086K, committed 1216K, reserved 1048576K
}
Event: 1.140 GC heap before
{Heap before GC invocations=1 (full 0):
 garbage-first heap   total 129024K, used 39091K [0x0000000080000000, 0x0000000100000000)
  region size 1024K, 31 young (31744K), 3 survivors (3072K)
 Metaspace       used 11416K, committed 11584K, reserved 1114112K
  class space    used 1193K, committed 1280K, reserved 1048576K
}
Event: 1.146 GC heap after
{Heap after GC invocations=2 (full 0):
 garbage-first heap   total 129024K, used 13231K [0x0000000080000000, 0x0000000100000000)
  region size 1024K, 3 young (3072K), 3 survivors (3072K)
 Metaspace       used 11416K, committed 11584K, reserved 1114112K
  class space    used 1193K, committed 1280K, reserved 1048576K
}
Event: 2.294 GC heap before
{Heap before GC invocations=2 (full 0):
 garbage-first heap   total 129024K, used 57263K [0x0000000080000000, 0x0000000100000000)
  region size 1024K, 47 young (48128K), 3 survivors (3072K)
 Metaspace       used 21284K, committed 21504K, reserved 1114112K
  class space    used 2568K, committed 2688K, reserved 1048576K
}
Event: 2.303 GC heap after
{Heap after GC invocations=3 (full 0):
 garbage-first heap   total 129024K, used 18752K [0x0000000080000000, 0x0000000100000000)
  region size 1024K, 8 young (8192K), 8 survivors (8192K)
 Metaspace       used 21284K, committed 21504K, reserved 1114112K
  class space    used 2568K, committed 2688K, reserved 1048576K
}
Event: 2.839 GC heap before
{Heap before GC invocations=4 (full 0):
 garbage-first heap   total 68608K, used 50496K [0x0000000080000000, 0x0000000100000000)
  region size 1024K, 40 young (40960K), 8 survivors (8192K)
 Metaspace       used 26037K, committed 26304K, reserved 1114112K
  class space    used 3394K, committed 3520K, reserved 1048576K
}
Event: 2.848 GC heap after
{Heap after GC invocations=5 (full 0):
 garbage-first heap   total 68608K, used 20990K [0x0000000080000000, 0x0000000100000000)
  region size 1024K, 3 young (3072K), 3 survivors (3072K)
 Metaspace       used 26037K, committed 26304K, reserved 1114112K
  class space    used 3394K, committed 3520K, reserved 1048576K
}
Event: 3.307 GC heap before
{Heap before GC invocations=5 (full 0):
 garbage-first heap   total 68608K, used 53758K [0x0000000080000000, 0x0000000100000000)
  region size 1024K, 29 young (29696K), 3 survivors (3072K)
 Metaspace       used 29767K, committed 30144K, reserved 1114112K
  class space    used 4040K, committed 4224K, reserved 1048576K
}
Event: 3.312 GC heap after
{Heap after GC invocations=6 (full 0):
 garbage-first heap   total 68608K, used 30721K [0x0000000080000000, 0x0000000100000000)
  region size 1024K, 4 young (4096K), 4 survivors (4096K)
 Metaspace       used 29767K, committed 30144K, reserved 1114112K
  class space    used 4040K, committed 4224K, reserved 1048576K
}
Event: 3.650 GC heap before
{Heap before GC invocations=6 (full 0):
 garbage-first heap   total 68608K, used 51201K [0x0000000080000000, 0x0000000100000000)
  region size 1024K, 24 young (24576K), 4 survivors (4096K)
 Metaspace       used 32352K, committed 32704K, reserved 1114112K
  class space    used 4435K, committed 4608K, reserved 1048576K
}
Event: 3.655 GC heap after
{Heap after GC invocations=7 (full 0):
 garbage-first heap   total 68608K, used 31697K [0x0000000080000000, 0x0000000100000000)
  region size 1024K, 1 young (1024K), 1 survivors (1024K)
 Metaspace       used 32352K, committed 32704K, reserved 1114112K
  class space    used 4435K, committed 4608K, reserved 1048576K
}
Event: 3.981 GC heap before
{Heap before GC invocations=7 (full 0):
 garbage-first heap   total 68608K, used 52177K [0x0000000080000000, 0x0000000100000000)
  region size 1024K, 21 young (21504K), 1 survivors (1024K)
 Metaspace       used 35037K, committed 35392K, reserved 1114112K
  class space    used 4831K, committed 4992K, reserved 1048576K
}
Event: 3.984 GC heap after
{Heap after GC invocations=8 (full 0):
 garbage-first heap   total 68608K, used 32567K [0x0000000080000000, 0x0000000100000000)
  region size 1024K, 2 young (2048K), 2 survivors (2048K)
 Metaspace       used 35037K, committed 35392K, reserved 1114112K
  class space    used 4831K, committed 4992K, reserved 1048576K
}
Event: 4.355 GC heap before
{Heap before GC invocations=9 (full 0):
 garbage-first heap   total 68608K, used 53047K [0x0000000080000000, 0x0000000100000000)
  region size 1024K, 22 young (22528K), 2 survivors (2048K)
 Metaspace       used 40160K, committed 40512K, reserved 1114112K
  class space    used 5394K, committed 5568K, reserved 1048576K
}
Event: 4.361 GC heap after
{Heap after GC invocations=10 (full 0):
 garbage-first heap   total 68608K, used 34937K [0x0000000080000000, 0x0000000100000000)
  region size 1024K, 3 young (3072K), 3 survivors (3072K)
 Metaspace       used 40160K, committed 40512K, reserved 1114112K
  class space    used 5394K, committed 5568K, reserved 1048576K
}
Event: 4.566 GC heap before
{Heap before GC invocations=10 (full 0):
 garbage-first heap   total 68608K, used 52345K [0x0000000080000000, 0x0000000100000000)
  region size 1024K, 21 young (21504K), 3 survivors (3072K)
 Metaspace       used 41304K, committed 41728K, reserved 1114112K
  class space    used 5482K, committed 5696K, reserved 1048576K
}

