# JRE version: OpenJDK Runtime Environment (17.0.7) (build 17.0.7+0-b2043.56-10550314)
# Java VM: OpenJDK 64-Bit Server VM (17.0.7+0-b2043.56-10550314, mixed mode, tiered, compressed oops, compressed class ptrs, g1 gc, windows-amd64)
GC Precious Log:
 CPUs: 8 total, 8 available
 Memory: 7967M
 Large Page Support: Disabled
 NUMA Support: Disabled
 Compressed Oops: Enabled (32-bit)
 Heap Region Size: 1M
 Heap Min Capacity: 8M
 Heap Initial Capacity: 126M
 Heap Max Capacity: 2G
 Pre-touch: Disabled
 Parallel Workers: 8
 Concurrent Workers: 2
 Concurrent Refinement Workers: 8
 Periodic GC: Disabled
Heap:
 garbage-first heap   total 104448K, used 59515K [0x0000000080000000, 0x0000000100000000)
  region size 1024K, 2 young (2048K), 2 survivors (2048K)
 Metaspace       used 63284K, committed 63936K, reserved 1114112K
  class space    used 8529K, committed 8832K, reserved 1048576K
GC Heap History (20 events):
Event: 4.040 GC heap after
{Heap after GC invocations=16 (full 0):
 garbage-first heap   total 82944K, used 39951K [0x0000000080000000, 0x0000000100000000)
  region size 1024K, 4 young (4096K), 4 survivors (4096K)
 Metaspace       used 49485K, committed 49984K, reserved 1114112K
  class space    used 6722K, committed 6976K, reserved 1048576K
}
Event: 4.411 GC heap before
{Heap before GC invocations=16 (full 0):
 garbage-first heap   total 82944K, used 64527K [0x0000000080000000, 0x0000000100000000)
  region size 1024K, 29 young (29696K), 4 survivors (4096K)
 Metaspace       used 52247K, committed 52800K, reserved 1114112K
  class space    used 7132K, committed 7424K, reserved 1048576K
}
Event: 4.415 GC heap after
{Heap after GC invocations=17 (full 0):
 garbage-first heap   total 82944K, used 41412K [0x0000000080000000, 0x0000000100000000)
  region size 1024K, 4 young (4096K), 4 survivors (4096K)
 Metaspace       used 52247K, committed 52800K, reserved 1114112K
  class space    used 7132K, committed 7424K, reserved 1048576K
}
Event: 4.877 GC heap before
{Heap before GC invocations=18 (full 0):
 garbage-first heap   total 82944K, used 61892K [0x0000000080000000, 0x0000000100000000)
  region size 1024K, 26 young (26624K), 4 survivors (4096K)
 Metaspace       used 52936K, committed 53504K, reserved 1114112K
  class space    used 7196K, committed 7488K, reserved 1048576K
}
Event: 4.882 GC heap after
{Heap after GC invocations=19 (full 0):
 garbage-first heap   total 82944K, used 43742K [0x0000000080000000, 0x0000000100000000)
  region size 1024K, 4 young (4096K), 4 survivors (4096K)
 Metaspace       used 52936K, committed 53504K, reserved 1114112K
  class space    used 7196K, committed 7488K, reserved 1048576K
}
Event: 4.980 GC heap before
{Heap before GC invocations=20 (full 0):
 garbage-first heap   total 82944K, used 50910K [0x0000000080000000, 0x0000000100000000)
  region size 1024K, 10 young (10240K), 4 survivors (4096K)
 Metaspace       used 53041K, committed 53568K, reserved 1114112K
  class space    used 7205K, committed 7488K, reserved 1048576K
}
Event: 4.984 GC heap after
{Heap after GC invocations=21 (full 0):
 garbage-first heap   total 82944K, used 51233K [0x0000000080000000, 0x0000000100000000)
  region size 1024K, 4 young (4096K), 4 survivors (4096K)
 Metaspace       used 53041K, committed 53568K, reserved 1114112K
  class space    used 7205K, committed 7488K, reserved 1048576K
}
Event: 5.045 GC heap before
{Heap before GC invocations=22 (full 0):
 garbage-first heap   total 91136K, used 54305K [0x0000000080000000, 0x0000000100000000)
  region size 1024K, 7 young (7168K), 4 survivors (4096K)
 Metaspace       used 53080K, committed 53632K, reserved 1114112K
  class space    used 7209K, committed 7488K, reserved 1048576K
}
Event: 5.047 GC heap after
{Heap after GC invocations=23 (full 0):
 garbage-first heap   total 91136K, used 52486K [0x0000000080000000, 0x0000000100000000)
  region size 1024K, 2 young (2048K), 2 survivors (2048K)
 Metaspace       used 53080K, committed 53632K, reserved 1114112K
  class space    used 7209K, committed 7488K, reserved 1048576K
}
Event: 5.717 GC heap before
{Heap before GC invocations=24 (full 0):
 garbage-first heap   total 97280K, used 63750K [0x0000000080000000, 0x0000000100000000)
  region size 1024K, 14 young (14336K), 2 survivors (2048K)
 Metaspace       used 54003K, committed 54592K, reserved 1114112K
  class space    used 7319K, committed 7616K, reserved 1048576K
}
Event: 5.720 GC heap after
{Heap after GC invocations=25 (full 0):
 garbage-first heap   total 97280K, used 54576K [0x0000000080000000, 0x0000000100000000)
  region size 1024K, 2 young (2048K), 2 survivors (2048K)
 Metaspace       used 54003K, committed 54592K, reserved 1114112K
  class space    used 7319K, committed 7616K, reserved 1048576K
}
Event: 5.890 GC heap before
{Heap before GC invocations=26 (full 0):
 garbage-first heap   total 101376K, used 68912K [0x0000000080000000, 0x0000000100000000)
  region size 1024K, 16 young (16384K), 2 survivors (2048K)
 Metaspace       used 55285K, committed 55808K, reserved 1114112K
  class space    used 7509K, committed 7808K, reserved 1048576K
}
Event: 5.891 GC heap after
{Heap after GC invocations=27 (full 0):
 garbage-first heap   total 101376K, used 56005K [0x0000000080000000, 0x0000000100000000)
  region size 1024K, 1 young (1024K), 1 survivors (1024K)
 Metaspace       used 55285K, committed 55808K, reserved 1114112K
  class space    used 7509K, committed 7808K, reserved 1048576K
}
Event: 6.134 GC heap before
{Heap before GC invocations=27 (full 0):
 garbage-first heap   total 101376K, used 72389K [0x0000000080000000, 0x0000000100000000)
  region size 1024K, 18 young (18432K), 1 survivors (1024K)
 Metaspace       used 57211K, committed 57792K, reserved 1114112K
  class space    used 7717K, committed 8000K, reserved 1048576K
}
Event: 6.136 GC heap after
{Heap after GC invocations=28 (full 0):
 garbage-first heap   total 101376K, used 56567K [0x0000000080000000, 0x0000000100000000)
  region size 1024K, 2 young (2048K), 2 survivors (2048K)
 Metaspace       used 57211K, committed 57792K, reserved 1114112K
  class space    used 7717K, committed 8000K, reserved 1048576K
}
Event: 6.450 GC heap before
{Heap before GC invocations=29 (full 0):
 garbage-first heap   total 104448K, used 74999K [0x0000000080000000, 0x0000000100000000)
  region size 1024K, 20 young (20480K), 2 survivors (2048K)
 Metaspace       used 59179K, committed 59776K, reserved 1114112K
  class space    used 7975K, committed 8256K, reserved 1048576K
}
Event: 6.452 GC heap after
{Heap after GC invocations=30 (full 0):
 garbage-first heap   total 104448K, used 57099K [0x0000000080000000, 0x0000000100000000)
  region size 1024K, 2 young (2048K), 2 survivors (2048K)
 Metaspace       used 59179K, committed 59776K, reserved 1114112K
  class space    used 7975K, committed 8256K, reserved 1048576K
}
Event: 6.696 GC heap before
{Heap before GC invocations=30 (full 0):
 garbage-first heap   total 104448K, used 78603K [0x0000000080000000, 0x0000000100000000)
  region size 1024K, 23 young (23552K), 2 survivors (2048K)
 Metaspace       used 62903K, committed 63488K, reserved 1114112K
  class space    used 8486K, committed 8768K, reserved 1048576K
}
Event: 6.699 GC heap after
{Heap after GC invocations=31 (full 0):
 garbage-first heap   total 104448K, used 59199K [0x0000000080000000, 0x0000000100000000)
  region size 1024K, 3 young (3072K), 3 survivors (3072K)
 Metaspace       used 62903K, committed 63488K, reserved 1114112K
  class space    used 8486K, committed 8768K, reserved 1048576K
}
Event: 6.814 GC heap before
{Heap before GC invocations=32 (full 0):
 garbage-first heap   total 104448K, used 61247K [0x0000000080000000, 0x0000000100000000)
  region size 1024K, 6 young (6144K), 3 survivors (3072K)
 Metaspace       used 63284K, committed 63936K, reserved 1114112K
  class space    used 8529K, committed 8832K, reserved 1048576K
}

