# JRE version: OpenJDK Runtime Environment (17.0.7) (build 17.0.7+0-b2043.56-10550314)
# Java VM: OpenJDK 64-Bit Server VM (17.0.7+0-b2043.56-10550314, mixed mode, tiered, compressed oops, compressed class ptrs, g1 gc, windows-amd64)
GC Precious Log:
 CPUs: 8 total, 8 available
 Memory: 7967M
 Large Page Support: Disabled
 NUMA Support: Disabled
 Compressed Oops: Enabled (32-bit)
 Heap Region Size: 1M
 Heap Min Capacity: 8M
 Heap Initial Capacity: 126M
 Heap Max Capacity: 2G
 Pre-touch: Disabled
 Parallel Workers: 8
 Concurrent Workers: 2
 Concurrent Refinement Workers: 8
 Periodic GC: Disabled
Heap:
 garbage-first heap   total 91136K, used 52007K [0x0000000080000000, 0x0000000100000000)
  region size 1024K, 17 young (17408K), 2 survivors (2048K)
 Metaspace       used 47338K, committed 47744K, reserved 1114112K
  class space    used 6341K, committed 6528K, reserved 1048576K
GC Heap History (20 events):
Event: 2.339 GC heap before
{Heap before GC invocations=2 (full 0):
 garbage-first heap   total 129024K, used 55978K [0x0000000080000000, 0x0000000100000000)
  region size 1024K, 47 young (48128K), 3 survivors (3072K)
 Metaspace       used 21308K, committed 21504K, reserved 1114112K
  class space    used 2571K, committed 2688K, reserved 1048576K
}
Event: 2.345 GC heap after
{Heap after GC invocations=3 (full 0):
 garbage-first heap   total 129024K, used 18401K [0x0000000080000000, 0x0000000100000000)
  region size 1024K, 8 young (8192K), 8 survivors (8192K)
 Metaspace       used 21308K, committed 21504K, reserved 1114112K
  class space    used 2571K, committed 2688K, reserved 1048576K
}
Event: 2.918 GC heap before
{Heap before GC invocations=4 (full 0):
 garbage-first heap   total 68608K, used 50145K [0x0000000080000000, 0x0000000100000000)
  region size 1024K, 40 young (40960K), 8 survivors (8192K)
 Metaspace       used 26009K, committed 26368K, reserved 1114112K
  class space    used 3385K, committed 3584K, reserved 1048576K
}
Event: 2.923 GC heap after
{Heap after GC invocations=5 (full 0):
 garbage-first heap   total 68608K, used 20407K [0x0000000080000000, 0x0000000100000000)
  region size 1024K, 3 young (3072K), 3 survivors (3072K)
 Metaspace       used 26009K, committed 26368K, reserved 1114112K
  class space    used 3385K, committed 3584K, reserved 1048576K
}
Event: 2.943 GC heap before
{Heap before GC invocations=5 (full 0):
 garbage-first heap   total 68608K, used 21431K [0x0000000080000000, 0x0000000100000000)
  region size 1024K, 4 young (4096K), 3 survivors (3072K)
 Metaspace       used 26186K, committed 26496K, reserved 1114112K
  class space    used 3407K, committed 3584K, reserved 1048576K
}
Event: 2.946 GC heap after
{Heap after GC invocations=6 (full 0):
 garbage-first heap   total 68608K, used 20669K [0x0000000080000000, 0x0000000100000000)
  region size 1024K, 1 young (1024K), 1 survivors (1024K)
 Metaspace       used 26186K, committed 26496K, reserved 1114112K
  class space    used 3407K, committed 3584K, reserved 1048576K
}
Event: 3.426 GC heap before
{Heap before GC invocations=6 (full 0):
 garbage-first heap   total 68608K, used 54461K [0x0000000080000000, 0x0000000100000000)
  region size 1024K, 28 young (28672K), 1 survivors (1024K)
 Metaspace       used 30023K, committed 30336K, reserved 1114112K
  class space    used 4062K, committed 4224K, reserved 1048576K
}
Event: 3.430 GC heap after
{Heap after GC invocations=7 (full 0):
 garbage-first heap   total 68608K, used 29979K [0x0000000080000000, 0x0000000100000000)
  region size 1024K, 3 young (3072K), 3 survivors (3072K)
 Metaspace       used 30023K, committed 30336K, reserved 1114112K
  class space    used 4062K, committed 4224K, reserved 1048576K
}
Event: 3.747 GC heap before
{Heap before GC invocations=7 (full 0):
 garbage-first heap   total 68608K, used 49435K [0x0000000080000000, 0x0000000100000000)
  region size 1024K, 23 young (23552K), 3 survivors (3072K)
 Metaspace       used 32550K, committed 32832K, reserved 1114112K
  class space    used 4464K, committed 4608K, reserved 1048576K
}
Event: 3.751 GC heap after
{Heap after GC invocations=8 (full 0):
 garbage-first heap   total 68608K, used 30832K [0x0000000080000000, 0x0000000100000000)
  region size 1024K, 1 young (1024K), 1 survivors (1024K)
 Metaspace       used 32550K, committed 32832K, reserved 1114112K
  class space    used 4464K, committed 4608K, reserved 1048576K
}
Event: 4.107 GC heap before
{Heap before GC invocations=8 (full 0):
 garbage-first heap   total 68608K, used 52336K [0x0000000080000000, 0x0000000100000000)
  region size 1024K, 22 young (22528K), 1 survivors (1024K)
 Metaspace       used 35566K, committed 35904K, reserved 1114112K
  class space    used 4897K, committed 5056K, reserved 1048576K
}
Event: 4.110 GC heap after
{Heap after GC invocations=9 (full 0):
 garbage-first heap   total 91136K, used 31715K [0x0000000080000000, 0x0000000100000000)
  region size 1024K, 2 young (2048K), 2 survivors (2048K)
 Metaspace       used 35566K, committed 35904K, reserved 1114112K
  class space    used 4897K, committed 5056K, reserved 1048576K
}
Event: 4.118 GC heap before
{Heap before GC invocations=9 (full 0):
 garbage-first heap   total 91136K, used 31715K [0x0000000080000000, 0x0000000100000000)
  region size 1024K, 3 young (3072K), 2 survivors (2048K)
 Metaspace       used 35647K, committed 35968K, reserved 1114112K
  class space    used 4907K, committed 5056K, reserved 1048576K
}
Event: 4.121 GC heap after
{Heap after GC invocations=10 (full 0):
 garbage-first heap   total 91136K, used 31787K [0x0000000080000000, 0x0000000100000000)
  region size 1024K, 2 young (2048K), 2 survivors (2048K)
 Metaspace       used 35647K, committed 35968K, reserved 1114112K
  class space    used 4907K, committed 5056K, reserved 1048576K
}
Event: 4.715 GC heap before
{Heap before GC invocations=11 (full 0):
 garbage-first heap   total 91136K, used 71723K [0x0000000080000000, 0x0000000100000000)
  region size 1024K, 42 young (43008K), 2 survivors (2048K)
 Metaspace       used 41582K, committed 41920K, reserved 1114112K
  class space    used 5529K, committed 5696K, reserved 1048576K
}
Event: 4.722 GC heap after
{Heap after GC invocations=12 (full 0):
 garbage-first heap   total 91136K, used 36584K [0x0000000080000000, 0x0000000100000000)
  region size 1024K, 6 young (6144K), 6 survivors (6144K)
 Metaspace       used 41582K, committed 41920K, reserved 1114112K
  class space    used 5529K, committed 5696K, reserved 1048576K
}
Event: 4.738 GC heap before
{Heap before GC invocations=12 (full 0):
 garbage-first heap   total 91136K, used 37608K [0x0000000080000000, 0x0000000100000000)
  region size 1024K, 7 young (7168K), 6 survivors (6144K)
 Metaspace       used 41714K, committed 42112K, reserved 1114112K
  class space    used 5558K, committed 5760K, reserved 1048576K
}
Event: 4.745 GC heap after
{Heap after GC invocations=13 (full 0):
 garbage-first heap   total 91136K, used 36363K [0x0000000080000000, 0x0000000100000000)
  region size 1024K, 1 young (1024K), 1 survivors (1024K)
 Metaspace       used 41714K, committed 42112K, reserved 1114112K
  class space    used 5558K, committed 5760K, reserved 1048576K
}
Event: 5.228 GC heap before
{Heap before GC invocations=13 (full 0):
 garbage-first heap   total 91136K, used 74251K [0x0000000080000000, 0x0000000100000000)
  region size 1024K, 36 young (36864K), 1 survivors (1024K)
 Metaspace       used 45381K, committed 45760K, reserved 1114112K
  class space    used 6050K, committed 6208K, reserved 1048576K
}
Event: 5.231 GC heap after
{Heap after GC invocations=14 (full 0):
 garbage-first heap   total 91136K, used 37671K [0x0000000080000000, 0x0000000100000000)
  region size 1024K, 2 young (2048K), 2 survivors (2048K)
 Metaspace       used 45381K, committed 45760K, reserved 1114112K
  class space    used 6050K, committed 6208K, reserved 1048576K
}

