# JRE version: OpenJDK Runtime Environment (17.0.7) (build 17.0.7+0-b2043.56-10550314)
# Java VM: OpenJDK 64-Bit Server VM (17.0.7+0-b2043.56-10550314, mixed mode, tiered, compressed oops, compressed class ptrs, g1 gc, windows-amd64)
GC Precious Log:
 CPUs: 8 total, 8 available
 Memory: 7967M
 Large Page Support: Disabled
 NUMA Support: Disabled
 Compressed Oops: Enabled (32-bit)
 Heap Region Size: 1M
 Heap Min Capacity: 8M
 Heap Initial Capacity: 126M
 Heap Max Capacity: 2G
 Pre-touch: Disabled
 Parallel Workers: 8
 Concurrent Workers: 2
 Concurrent Refinement Workers: 8
 Periodic GC: Disabled
Heap:
 garbage-first heap   total 99328K, used 57827K [0x0000000080000000, 0x0000000100000000)
  region size 1024K, 4 young (4096K), 2 survivors (2048K)
 Metaspace       used 59803K, committed 60288K, reserved 1114112K
  class space    used 8053K, committed 8256K, reserved 1048576K
GC Heap History (20 events):
Event: 6.808 GC heap before
{Heap before GC invocations=10 (full 0):
 garbage-first heap   total 68608K, used 51966K [0x0000000080000000, 0x0000000100000000)
  region size 1024K, 21 young (21504K), 3 survivors (3072K)
 Metaspace       used 41331K, committed 41792K, reserved 1114112K
  class space    used 5484K, committed 5696K, reserved 1048576K
}
Event: 6.814 GC heap after
{Heap after GC invocations=11 (full 0):
 garbage-first heap   total 82944K, used 37201K [0x0000000080000000, 0x0000000100000000)
  region size 1024K, 3 young (3072K), 3 survivors (3072K)
 Metaspace       used 41331K, committed 41792K, reserved 1114112K
  class space    used 5484K, committed 5696K, reserved 1048576K
}
Event: 7.463 GC heap before
{Heap before GC invocations=12 (full 0):
 garbage-first heap   total 82944K, used 60753K [0x0000000080000000, 0x0000000100000000)
  region size 1024K, 27 young (27648K), 3 survivors (3072K)
 Metaspace       used 42437K, committed 42880K, reserved 1114112K
  class space    used 5649K, committed 5888K, reserved 1048576K
}
Event: 7.466 GC heap after
{Heap after GC invocations=13 (full 0):
 garbage-first heap   total 82944K, used 38309K [0x0000000080000000, 0x0000000100000000)
  region size 1024K, 2 young (2048K), 2 survivors (2048K)
 Metaspace       used 42437K, committed 42880K, reserved 1114112K
  class space    used 5649K, committed 5888K, reserved 1048576K
}
Event: 8.146 GC heap before
{Heap before GC invocations=14 (full 0):
 garbage-first heap   total 82944K, used 65957K [0x0000000080000000, 0x0000000100000000)
  region size 1024K, 28 young (28672K), 2 survivors (2048K)
 Metaspace       used 46092K, committed 46592K, reserved 1114112K
  class space    used 6178K, committed 6400K, reserved 1048576K
}
Event: 8.150 GC heap after
{Heap after GC invocations=15 (full 0):
 garbage-first heap   total 82944K, used 38889K [0x0000000080000000, 0x0000000100000000)
  region size 1024K, 3 young (3072K), 3 survivors (3072K)
 Metaspace       used 46092K, committed 46592K, reserved 1114112K
  class space    used 6178K, committed 6400K, reserved 1048576K
}
Event: 8.674 GC heap before
{Heap before GC invocations=15 (full 0):
 garbage-first heap   total 82944K, used 64489K [0x0000000080000000, 0x0000000100000000)
  region size 1024K, 29 young (29696K), 3 survivors (3072K)
 Metaspace       used 49554K, committed 50048K, reserved 1114112K
  class space    used 6738K, committed 6976K, reserved 1048576K
}
Event: 8.679 GC heap after
{Heap after GC invocations=16 (full 0):
 garbage-first heap   total 82944K, used 40527K [0x0000000080000000, 0x0000000100000000)
  region size 1024K, 4 young (4096K), 4 survivors (4096K)
 Metaspace       used 49554K, committed 50048K, reserved 1114112K
  class space    used 6738K, committed 6976K, reserved 1048576K
}
Event: 9.837 GC heap before
{Heap before GC invocations=16 (full 0):
 garbage-first heap   total 82944K, used 65103K [0x0000000080000000, 0x0000000100000000)
  region size 1024K, 29 young (29696K), 4 survivors (4096K)
 Metaspace       used 52267K, committed 52800K, reserved 1114112K
  class space    used 7140K, committed 7424K, reserved 1048576K
}
Event: 9.842 GC heap after
{Heap after GC invocations=17 (full 0):
 garbage-first heap   total 82944K, used 42023K [0x0000000080000000, 0x0000000100000000)
  region size 1024K, 4 young (4096K), 4 survivors (4096K)
 Metaspace       used 52267K, committed 52800K, reserved 1114112K
  class space    used 7140K, committed 7424K, reserved 1048576K
}
Event: 10.978 GC heap before
{Heap before GC invocations=18 (full 0):
 garbage-first heap   total 82944K, used 64551K [0x0000000080000000, 0x0000000100000000)
  region size 1024K, 27 young (27648K), 4 survivors (4096K)
 Metaspace       used 56503K, committed 57024K, reserved 1114112K
  class space    used 7632K, committed 7872K, reserved 1048576K
}
Event: 10.985 GC heap after
{Heap after GC invocations=19 (full 0):
 garbage-first heap   total 82944K, used 44733K [0x0000000080000000, 0x0000000100000000)
  region size 1024K, 4 young (4096K), 4 survivors (4096K)
 Metaspace       used 56503K, committed 57024K, reserved 1114112K
  class space    used 7632K, committed 7872K, reserved 1048576K
}
Event: 11.859 GC heap before
{Heap before GC invocations=19 (full 0):
 garbage-first heap   total 82944K, used 65213K [0x0000000080000000, 0x0000000100000000)
  region size 1024K, 25 young (25600K), 4 survivors (4096K)
 Metaspace       used 59515K, committed 60032K, reserved 1114112K
  class space    used 8030K, committed 8256K, reserved 1048576K
}
Event: 11.865 GC heap after
{Heap after GC invocations=20 (full 0):
 garbage-first heap   total 82944K, used 47140K [0x0000000080000000, 0x0000000100000000)
  region size 1024K, 3 young (3072K), 3 survivors (3072K)
 Metaspace       used 59515K, committed 60032K, reserved 1114112K
  class space    used 8030K, committed 8256K, reserved 1048576K
}
Event: 11.946 GC heap before
{Heap before GC invocations=21 (full 0):
 garbage-first heap   total 87040K, used 50212K [0x0000000080000000, 0x0000000100000000)
  region size 1024K, 6 young (6144K), 3 survivors (3072K)
 Metaspace       used 59570K, committed 60032K, reserved 1114112K
  class space    used 8032K, committed 8256K, reserved 1048576K
}
Event: 11.949 GC heap after
{Heap after GC invocations=22 (full 0):
 garbage-first heap   total 87040K, used 48746K [0x0000000080000000, 0x0000000100000000)
  region size 1024K, 1 young (1024K), 1 survivors (1024K)
 Metaspace       used 59570K, committed 60032K, reserved 1114112K
  class space    used 8032K, committed 8256K, reserved 1048576K
}
Event: 12.066 GC heap before
{Heap before GC invocations=23 (full 0):
 garbage-first heap   total 87040K, used 54890K [0x0000000080000000, 0x0000000100000000)
  region size 1024K, 7 young (7168K), 1 survivors (1024K)
 Metaspace       used 59687K, committed 60160K, reserved 1114112K
  class space    used 8042K, committed 8256K, reserved 1048576K
}
Event: 12.068 GC heap after
{Heap after GC invocations=24 (full 0):
 garbage-first heap   total 87040K, used 54704K [0x0000000080000000, 0x0000000100000000)
  region size 1024K, 3 young (3072K), 3 survivors (3072K)
 Metaspace       used 59687K, committed 60160K, reserved 1114112K
  class space    used 8042K, committed 8256K, reserved 1048576K
}
Event: 12.141 GC heap before
{Heap before GC invocations=25 (full 0):
 garbage-first heap   total 99328K, used 57776K [0x0000000080000000, 0x0000000100000000)
  region size 1024K, 6 young (6144K), 3 survivors (3072K)
 Metaspace       used 59719K, committed 60160K, reserved 1114112K
  class space    used 8045K, committed 8256K, reserved 1048576K
}
Event: 12.144 GC heap after
{Heap after GC invocations=26 (full 0):
 garbage-first heap   total 99328K, used 55779K [0x0000000080000000, 0x0000000100000000)
  region size 1024K, 2 young (2048K), 2 survivors (2048K)
 Metaspace       used 59719K, committed 60160K, reserved 1114112K
  class space    used 8045K, committed 8256K, reserved 1048576K
}

