# JRE version: OpenJDK Runtime Environment (17.0.7) (build 17.0.7+0-b2043.56-10550314)
# Java VM: OpenJDK 64-Bit Server VM (17.0.7+0-b2043.56-10550314, mixed mode, tiered, compressed oops, compressed class ptrs, g1 gc, windows-amd64)
GC Precious Log:
 CPUs: 8 total, 8 available
 Memory: 7967M
 Large Page Support: Disabled
 NUMA Support: Disabled
 Compressed Oops: Enabled (32-bit)
 Heap Region Size: 1M
 Heap Min Capacity: 8M
 Heap Initial Capacity: 126M
 Heap Max Capacity: 2G
 Pre-touch: Disabled
 Parallel Workers: 8
 Concurrent Workers: 2
 Concurrent Refinement Workers: 8
 Periodic GC: Disabled
Heap:
 garbage-first heap   total 129024K, used 67565K [0x0000000080000000, 0x0000000100000000)
  region size 1024K, 1 young (1024K), 1 survivors (1024K)
 Metaspace       used 66814K, committed 67328K, reserved 1114112K
  class space    used 9006K, committed 9280K, reserved 1048576K
GC Heap History (20 events):
Event: 7.657 GC heap after
{Heap after GC invocations=18 (full 0):
 garbage-first heap   total 87040K, used 52909K [0x0000000080000000, 0x0000000100000000)
  region size 1024K, 4 young (4096K), 4 survivors (4096K)
 Metaspace       used 53044K, committed 53568K, reserved 1114112K
  class space    used 7205K, committed 7488K, reserved 1048576K
}
Event: 7.846 GC heap before
{Heap before GC invocations=19 (full 0):
 garbage-first heap   total 96256K, used 67245K [0x0000000080000000, 0x0000000100000000)
  region size 1024K, 17 young (17408K), 4 survivors (4096K)
 Metaspace       used 53921K, committed 54464K, reserved 1114112K
  class space    used 7315K, committed 7552K, reserved 1048576K
}
Event: 7.849 GC heap after
{Heap after GC invocations=20 (full 0):
 garbage-first heap   total 96256K, used 56546K [0x0000000080000000, 0x0000000100000000)
  region size 1024K, 3 young (3072K), 3 survivors (3072K)
 Metaspace       used 53921K, committed 54464K, reserved 1114112K
  class space    used 7315K, committed 7552K, reserved 1048576K
}
Event: 7.862 GC heap before
{Heap before GC invocations=20 (full 0):
 garbage-first heap   total 96256K, used 57570K [0x0000000080000000, 0x0000000100000000)
  region size 1024K, 5 young (5120K), 3 survivors (3072K)
 Metaspace       used 54007K, committed 54592K, reserved 1114112K
  class space    used 7320K, committed 7616K, reserved 1048576K
}
Event: 7.863 GC heap after
{Heap after GC invocations=21 (full 0):
 garbage-first heap   total 115712K, used 56798K [0x0000000080000000, 0x0000000100000000)
  region size 1024K, 1 young (1024K), 1 survivors (1024K)
 Metaspace       used 54007K, committed 54592K, reserved 1114112K
  class space    used 7320K, committed 7616K, reserved 1048576K
}
Event: 8.256 GC heap before
{Heap before GC invocations=22 (full 0):
 garbage-first heap   total 115712K, used 82398K [0x0000000080000000, 0x0000000100000000)
  region size 1024K, 26 young (26624K), 1 survivors (1024K)
 Metaspace       used 56483K, committed 57024K, reserved 1114112K
  class space    used 7664K, committed 7936K, reserved 1048576K
}
Event: 8.258 GC heap after
{Heap after GC invocations=23 (full 0):
 garbage-first heap   total 115712K, used 58895K [0x0000000080000000, 0x0000000100000000)
  region size 1024K, 2 young (2048K), 2 survivors (2048K)
 Metaspace       used 56483K, committed 57024K, reserved 1114112K
  class space    used 7664K, committed 7936K, reserved 1048576K
}
Event: 8.286 GC heap before
{Heap before GC invocations=23 (full 0):
 garbage-first heap   total 115712K, used 60943K [0x0000000080000000, 0x0000000100000000)
  region size 1024K, 5 young (5120K), 2 survivors (2048K)
 Metaspace       used 56877K, committed 57408K, reserved 1114112K
  class space    used 7690K, committed 7936K, reserved 1048576K
}
Event: 8.290 GC heap after
{Heap after GC invocations=24 (full 0):
 garbage-first heap   total 115712K, used 58656K [0x0000000080000000, 0x0000000100000000)
  region size 1024K, 1 young (1024K), 1 survivors (1024K)
 Metaspace       used 56877K, committed 57408K, reserved 1114112K
  class space    used 7690K, committed 7936K, reserved 1048576K
}
Event: 8.675 GC heap before
{Heap before GC invocations=24 (full 0):
 garbage-first heap   total 115712K, used 84256K [0x0000000080000000, 0x0000000100000000)
  region size 1024K, 27 young (27648K), 1 survivors (1024K)
 Metaspace       used 59711K, committed 60288K, reserved 1114112K
  class space    used 8076K, committed 8320K, reserved 1048576K
}
Event: 8.678 GC heap after
{Heap after GC invocations=25 (full 0):
 garbage-first heap   total 115712K, used 59308K [0x0000000080000000, 0x0000000100000000)
  region size 1024K, 1 young (1024K), 1 survivors (1024K)
 Metaspace       used 59711K, committed 60288K, reserved 1114112K
  class space    used 8076K, committed 8320K, reserved 1048576K
}
Event: 9.143 GC heap before
{Heap before GC invocations=26 (full 0):
 garbage-first heap   total 115712K, used 94124K [0x0000000080000000, 0x0000000100000000)
  region size 1024K, 29 young (29696K), 1 survivors (1024K)
 Metaspace       used 63281K, committed 63872K, reserved 1114112K
  class space    used 8533K, committed 8832K, reserved 1048576K
}
Event: 9.149 GC heap after
{Heap after GC invocations=27 (full 0):
 garbage-first heap   total 115712K, used 68450K [0x0000000080000000, 0x0000000100000000)
  region size 1024K, 4 young (4096K), 4 survivors (4096K)
 Metaspace       used 63281K, committed 63872K, reserved 1114112K
  class space    used 8533K, committed 8832K, reserved 1048576K
}
Event: 9.152 GC heap before
{Heap before GC invocations=27 (full 0):
 garbage-first heap   total 115712K, used 69474K [0x0000000080000000, 0x0000000100000000)
  region size 1024K, 5 young (5120K), 4 survivors (4096K)
 Metaspace       used 63281K, committed 63872K, reserved 1114112K
  class space    used 8533K, committed 8832K, reserved 1048576K
}
Event: 9.157 GC heap after
{Heap after GC invocations=28 (full 0):
 garbage-first heap   total 115712K, used 68843K [0x0000000080000000, 0x0000000100000000)
  region size 1024K, 1 young (1024K), 1 survivors (1024K)
 Metaspace       used 63281K, committed 63872K, reserved 1114112K
  class space    used 8533K, committed 8832K, reserved 1048576K
}
Event: 9.626 GC heap before
{Heap before GC invocations=28 (full 0):
 garbage-first heap   total 115712K, used 89323K [0x0000000080000000, 0x0000000100000000)
  region size 1024K, 22 young (22528K), 1 survivors (1024K)
 Metaspace       used 64987K, committed 65600K, reserved 1114112K
  class space    used 8769K, committed 9088K, reserved 1048576K
}
Event: 9.630 GC heap after
{Heap after GC invocations=29 (full 0):
 garbage-first heap   total 115712K, used 70491K [0x0000000080000000, 0x0000000100000000)
  region size 1024K, 3 young (3072K), 3 survivors (3072K)
 Metaspace       used 64987K, committed 65600K, reserved 1114112K
  class space    used 8769K, committed 9088K, reserved 1048576K
}
Event: 9.979 GC heap before
{Heap before GC invocations=30 (full 0):
 garbage-first heap   total 122880K, used 86875K [0x0000000080000000, 0x0000000100000000)
  region size 1024K, 23 young (23552K), 3 survivors (3072K)
 Metaspace       used 66470K, committed 67072K, reserved 1114112K
  class space    used 8971K, committed 9280K, reserved 1048576K
}
Event: 9.983 GC heap after
{Heap after GC invocations=31 (full 0):
 garbage-first heap   total 122880K, used 67781K [0x0000000080000000, 0x0000000100000000)
  region size 1024K, 2 young (2048K), 2 survivors (2048K)
 Metaspace       used 66470K, committed 67072K, reserved 1114112K
  class space    used 8971K, committed 9280K, reserved 1048576K
}
Event: 10.028 GC heap before
{Heap before GC invocations=31 (full 0):
 garbage-first heap   total 122880K, used 71877K [0x0000000080000000, 0x0000000100000000)
  region size 1024K, 6 young (6144K), 2 survivors (2048K)
 Metaspace       used 66814K, committed 67328K, reserved 1114112K
  class space    used 9006K, committed 9280K, reserved 1048576K
}

